  2.cpp
E:\cpp代码\cpp\图书管理系统\图书管理系统\2.cpp(109,14): warning C4477: “fprintf”: 格式字符串“%d”需要类型“int”的参数，但可变参数 1 拥有了类型“__int64”
E:\cpp代码\cpp\图书管理系统\图书管理系统\2.cpp(109,14): message : 请考虑在格式字符串中使用“%lld”
E:\cpp代码\cpp\图书管理系统\图书管理系统\2.cpp(109,14): message : 请考虑在格式字符串中使用“%Id”
E:\cpp代码\cpp\图书管理系统\图书管理系统\2.cpp(109,14): message : 请考虑在格式字符串中使用“%I64d”
E:\cpp代码\cpp\图书管理系统\图书管理系统\2.cpp(117,8): warning C4477: “scanf”: 格式字符串“%lld”需要类型“__int64 *”的参数，但可变参数 1 拥有了类型“int *”
E:\cpp代码\cpp\图书管理系统\图书管理系统\2.cpp(117,8): message : 请考虑在格式字符串中使用“%d”
E:\cpp代码\cpp\图书管理系统\图书管理系统\2.cpp(117,8): message : 请考虑在格式字符串中使用“%I32d”
E:\cpp代码\cpp\图书管理系统\图书管理系统\2.cpp(121,9): warning C4477: “scanf”: 格式字符串“%lld”需要类型“__int64 *”的参数，但可变参数 1 拥有了类型“int *”
E:\cpp代码\cpp\图书管理系统\图书管理系统\2.cpp(121,9): message : 请考虑在格式字符串中使用“%d”
E:\cpp代码\cpp\图书管理系统\图书管理系统\2.cpp(121,9): message : 请考虑在格式字符串中使用“%I32d”
E:\cpp代码\cpp\图书管理系统\图书管理系统\2.cpp(82,9): warning C4101: “j”: 未引用的局部变量
E:\cpp代码\cpp\图书管理系统\图书管理系统\2.cpp(82,6): warning C4101: “i”: 未引用的局部变量
E:\cpp代码\cpp\图书管理系统\图书管理系统\2.cpp(191,10): warning C4477: “printf”: 格式字符串“%d”需要类型“int”的参数，但可变参数 1 拥有了类型“__int64”
E:\cpp代码\cpp\图书管理系统\图书管理系统\2.cpp(191,10): message : 请考虑在格式字符串中使用“%lld”
E:\cpp代码\cpp\图书管理系统\图书管理系统\2.cpp(191,10): message : 请考虑在格式字符串中使用“%Id”
E:\cpp代码\cpp\图书管理系统\图书管理系统\2.cpp(191,10): message : 请考虑在格式字符串中使用“%I64d”
E:\cpp代码\cpp\图书管理系统\图书管理系统\2.cpp(222,11): warning C4477: “printf”: 格式字符串“%d”需要类型“int”的参数，但可变参数 1 拥有了类型“__int64”
E:\cpp代码\cpp\图书管理系统\图书管理系统\2.cpp(222,11): message : 请考虑在格式字符串中使用“%lld”
E:\cpp代码\cpp\图书管理系统\图书管理系统\2.cpp(222,11): message : 请考虑在格式字符串中使用“%Id”
E:\cpp代码\cpp\图书管理系统\图书管理系统\2.cpp(222,11): message : 请考虑在格式字符串中使用“%I64d”
E:\cpp代码\cpp\图书管理系统\图书管理系统\2.cpp(209,9): warning C4101: “a”: 未引用的局部变量
E:\cpp代码\cpp\图书管理系统\图书管理系统\2.cpp(249,11): warning C4477: “printf”: 格式字符串“%d”需要类型“int”的参数，但可变参数 1 拥有了类型“__int64”
E:\cpp代码\cpp\图书管理系统\图书管理系统\2.cpp(249,11): message : 请考虑在格式字符串中使用“%lld”
E:\cpp代码\cpp\图书管理系统\图书管理系统\2.cpp(249,11): message : 请考虑在格式字符串中使用“%Id”
E:\cpp代码\cpp\图书管理系统\图书管理系统\2.cpp(249,11): message : 请考虑在格式字符串中使用“%I64d”
E:\cpp代码\cpp\图书管理系统\图书管理系统\2.cpp(235,9): warning C4101: “a”: 未引用的局部变量
  图书管理系统.vcxproj -> E:\cpp代码\cpp\图书管理系统\x64\Debug\图书管理系统.exe
